<?xml version="1.0" encoding="UTF-8"?>
<!-- Generated by org.testng.reporters.JUnitReportReporter -->
<testsuite hostname="DESKTOP-NABULGQ" failures="0" tests="1" name="config.StartBrowser" time="3.831" errors="0" timestamp="2023-02-16T12:22:10 IST" skipped="0">
  <testcase classname="config.StartBrowser" name="launch" time="3.831"/>
  <system-out/>
</testsuite> <!-- config.StartBrowser -->
